

 LOG file opened at 05/13/24 22:00:06

Total Number of Files=1

Data File: NY-House-Dataset.csv

Log File: merc_inm_nueva_york_ext.log



 LOG file opened at 05/13/24 22:00:06

Bad File: merc_inm_nueva_york_ext_bad.log

Field Definitions for table MERC_INM_NUEVA_YORK_EXT
  Record format DELIMITED BY NEWLINE
  Data in file has same endianness as the platform
  Rows with all null fields are accepted

  Fields in Data Source: 

    TIPO_VIVIENDA                   CHAR (255)
      Terminated by ","
      Trim whitespace from left and right
    PRECIO_USD                      CHAR (255)
      Terminated by ","
      Trim whitespace from left and right
    NUM_CUARTOS                     CHAR (255)
      Terminated by ","
      Trim whitespace from left and right
    METROS_CUADRADOS                CHAR (255)
      Terminated by ","
      Trim whitespace from left and right
    DIRECCION                       CHAR (255)
      Terminated by ","
      Trim whitespace from left and right
    LATITUD                         CHAR (255)
      Terminated by ","
      Trim whitespace from left and right
    LONGITUD                        CHAR (255)
      Terminated by ","
      Trim whitespace from left and right


 LOG file opened at 05/16/24 22:27:14

Total Number of Files=1

Data File: NY-House-Dataset.csv

Log File: merc_inm_nueva_york_ext.log



 LOG file opened at 05/16/24 22:27:14

Bad File: merc_inm_nueva_york_ext_bad.log

Field Definitions for table MERC_INM_NUEVA_YORK_EXT
  Record format DELIMITED BY NEWLINE
  Data in file has same endianness as the platform
  Rows with all null fields are accepted

  Fields in Data Source: 

    TIPO_VIVIENDA                   CHAR (255)
      Terminated by ","
      Trim whitespace from left and right
    PRECIO_USD                      CHAR (255)
      Terminated by ","
      Trim whitespace from left and right
    NUM_CUARTOS                     CHAR (255)
      Terminated by ","
      Trim whitespace from left and right
    METROS_CUADRADOS                CHAR (255)
      Terminated by ","
      Trim whitespace from left and right
    DIRECCION                       CHAR (255)
      Terminated by ","
      Trim whitespace from left and right
    LATITUD                         CHAR (255)
      Terminated by ","
      Trim whitespace from left and right
    LONGITUD                        CHAR (255)
      Terminated by ","
      Trim whitespace from left and right
